[2018-04-23 21:01:29.431] [renderer1] [error] Cannot read property 'id' of undefined: TypeError: Cannot read property 'id' of undefined
    at Object.r [as getGalleryExtensionIdFromLocal] (file:///opt/visual-studio-code/resources/app/out/vs/workbench/workbench.main.js:1252:534)
    at e._getIdentifier (file:///opt/visual-studio-code/resources/app/out/vs/workbench/workbench.main.js:2117:424)
    at e.setEnablement (file:///opt/visual-studio-code/resources/app/out/vs/workbench/workbench.main.js:2116:67)
    at file:///opt/visual-studio-code/resources/app/out/vs/workbench/workbench.main.js:3926:115
    at Object.g [as _notify] (file:///opt/visual-studio-code/resources/app/out/vs/workbench/workbench.main.js:146:572)
    at Object.enter (file:///opt/visual-studio-code/resources/app/out/vs/workbench/workbench.main.js:149:924)
    at n.Class.derive._creator._run (file:///opt/visual-studio-code/resources/app/out/vs/workbench/workbench.main.js:151:719)
    at n.Class.derive._creator._completed (file:///opt/visual-studio-code/resources/app/out/vs/workbench/workbench.main.js:151:160)
    at Object.g [as _notify] (file:///opt/visual-studio-code/resources/app/out/vs/workbench/workbench.main.js:146:572)
    at Object.enter (file:///opt/visual-studio-code/resources/app/out/vs/workbench/workbench.main.js:149:924)
    at n.Class.derive._oncancel._run (file:///opt/visual-studio-code/resources/app/out/vs/workbench/workbench.main.js:151:719)
    at n.Class.derive._oncancel._completed (file:///opt/visual-studio-code/resources/app/out/vs/workbench/workbench.main.js:151:160)
    at e.doRequest.n.TPromise.t.handlers.(anonymous function) (file:///opt/visual-studio-code/resources/app/out/vs/workbench/workbench.main.js:285:679)
    at e.onMessage (file:///opt/visual-studio-code/resources/app/out/vs/workbench/workbench.main.js:286:655)
    at file:///opt/visual-studio-code/resources/app/out/vs/workbench/workbench.main.js:285:10
    at e.fire (file:///opt/visual-studio-code/resources/app/out/vs/workbench/workbench.main.js:166:764)
    at Socket.<anonymous> (file:///opt/visual-studio-code/resources/app/out/vs/workbench/workbench.main.js:291:388)
    at emitOne (events.js:96:13)
    at Socket.emit (events.js:191:7)
    at readableAddChunk (_stream_readable.js:178:18)
    at Socket.Readable.push (_stream_readable.js:136:10)
    at Pipe.onread (net.js:560:20)
[2018-04-23 21:01:45.497] [renderer1] [error] Cannot read property 'id' of undefined: TypeError: Cannot read property 'id' of undefined
    at Object.r [as getGalleryExtensionIdFromLocal] (file:///opt/visual-studio-code/resources/app/out/vs/workbench/workbench.main.js:1252:534)
    at e._getIdentifier (file:///opt/visual-studio-code/resources/app/out/vs/workbench/workbench.main.js:2117:424)
    at e.setEnablement (file:///opt/visual-studio-code/resources/app/out/vs/workbench/workbench.main.js:2116:67)
    at file:///opt/visual-studio-code/resources/app/out/vs/workbench/workbench.main.js:3926:115
    at Object.g [as _notify] (file:///opt/visual-studio-code/resources/app/out/vs/workbench/workbench.main.js:146:572)
    at Object.enter (file:///opt/visual-studio-code/resources/app/out/vs/workbench/workbench.main.js:149:924)
    at n.Class.derive._creator._run (file:///opt/visual-studio-code/resources/app/out/vs/workbench/workbench.main.js:151:719)
    at n.Class.derive._creator._completed (file:///opt/visual-studio-code/resources/app/out/vs/workbench/workbench.main.js:151:160)
    at Object.g [as _notify] (file:///opt/visual-studio-code/resources/app/out/vs/workbench/workbench.main.js:146:572)
    at Object.enter (file:///opt/visual-studio-code/resources/app/out/vs/workbench/workbench.main.js:149:924)
    at n.Class.derive._oncancel._run (file:///opt/visual-studio-code/resources/app/out/vs/workbench/workbench.main.js:151:719)
    at n.Class.derive._oncancel._completed (file:///opt/visual-studio-code/resources/app/out/vs/workbench/workbench.main.js:151:160)
    at e.doRequest.n.TPromise.t.handlers.(anonymous function) (file:///opt/visual-studio-code/resources/app/out/vs/workbench/workbench.main.js:285:679)
    at e.onMessage (file:///opt/visual-studio-code/resources/app/out/vs/workbench/workbench.main.js:286:655)
    at file:///opt/visual-studio-code/resources/app/out/vs/workbench/workbench.main.js:285:10
    at e.fire (file:///opt/visual-studio-code/resources/app/out/vs/workbench/workbench.main.js:166:764)
    at Socket.<anonymous> (file:///opt/visual-studio-code/resources/app/out/vs/workbench/workbench.main.js:291:388)
    at emitOne (events.js:96:13)
    at Socket.emit (events.js:191:7)
    at readableAddChunk (_stream_readable.js:178:18)
    at Socket.Readable.push (_stream_readable.js:136:10)
    at Pipe.onread (net.js:560:20)
[2018-04-23 21:01:49.137] [renderer1] [error] Cannot read property 'id' of undefined: TypeError: Cannot read property 'id' of undefined
    at Object.r [as getGalleryExtensionIdFromLocal] (file:///opt/visual-studio-code/resources/app/out/vs/workbench/workbench.main.js:1252:534)
    at e._getIdentifier (file:///opt/visual-studio-code/resources/app/out/vs/workbench/workbench.main.js:2117:424)
    at e.setEnablement (file:///opt/visual-studio-code/resources/app/out/vs/workbench/workbench.main.js:2116:67)
    at file:///opt/visual-studio-code/resources/app/out/vs/workbench/workbench.main.js:3926:115
    at Object.g [as _notify] (file:///opt/visual-studio-code/resources/app/out/vs/workbench/workbench.main.js:146:572)
    at Object.enter (file:///opt/visual-studio-code/resources/app/out/vs/workbench/workbench.main.js:149:924)
    at n.Class.derive._creator._run (file:///opt/visual-studio-code/resources/app/out/vs/workbench/workbench.main.js:151:719)
    at n.Class.derive._creator._completed (file:///opt/visual-studio-code/resources/app/out/vs/workbench/workbench.main.js:151:160)
    at Object.g [as _notify] (file:///opt/visual-studio-code/resources/app/out/vs/workbench/workbench.main.js:146:572)
    at Object.enter (file:///opt/visual-studio-code/resources/app/out/vs/workbench/workbench.main.js:149:924)
    at n.Class.derive._oncancel._run (file:///opt/visual-studio-code/resources/app/out/vs/workbench/workbench.main.js:151:719)
    at n.Class.derive._oncancel._completed (file:///opt/visual-studio-code/resources/app/out/vs/workbench/workbench.main.js:151:160)
    at e.doRequest.n.TPromise.t.handlers.(anonymous function) (file:///opt/visual-studio-code/resources/app/out/vs/workbench/workbench.main.js:285:679)
    at e.onMessage (file:///opt/visual-studio-code/resources/app/out/vs/workbench/workbench.main.js:286:655)
    at file:///opt/visual-studio-code/resources/app/out/vs/workbench/workbench.main.js:285:10
    at e.fire (file:///opt/visual-studio-code/resources/app/out/vs/workbench/workbench.main.js:166:764)
    at Socket.<anonymous> (file:///opt/visual-studio-code/resources/app/out/vs/workbench/workbench.main.js:291:388)
    at emitOne (events.js:96:13)
    at Socket.emit (events.js:191:7)
    at readableAddChunk (_stream_readable.js:178:18)
    at Socket.Readable.push (_stream_readable.js:136:10)
    at Pipe.onread (net.js:560:20)
[2018-04-23 21:01:52.377] [renderer1] [error] Cannot read property 'id' of undefined: TypeError: Cannot read property 'id' of undefined
    at Object.r [as getGalleryExtensionIdFromLocal] (file:///opt/visual-studio-code/resources/app/out/vs/workbench/workbench.main.js:1252:534)
    at e._getIdentifier (file:///opt/visual-studio-code/resources/app/out/vs/workbench/workbench.main.js:2117:424)
    at e.setEnablement (file:///opt/visual-studio-code/resources/app/out/vs/workbench/workbench.main.js:2116:67)
    at file:///opt/visual-studio-code/resources/app/out/vs/workbench/workbench.main.js:3926:115
    at Object.g [as _notify] (file:///opt/visual-studio-code/resources/app/out/vs/workbench/workbench.main.js:146:572)
    at Object.enter (file:///opt/visual-studio-code/resources/app/out/vs/workbench/workbench.main.js:149:924)
    at n.Class.derive._creator._run (file:///opt/visual-studio-code/resources/app/out/vs/workbench/workbench.main.js:151:719)
    at n.Class.derive._creator._completed (file:///opt/visual-studio-code/resources/app/out/vs/workbench/workbench.main.js:151:160)
    at Object.g [as _notify] (file:///opt/visual-studio-code/resources/app/out/vs/workbench/workbench.main.js:146:572)
    at Object.enter (file:///opt/visual-studio-code/resources/app/out/vs/workbench/workbench.main.js:149:924)
    at n.Class.derive._oncancel._run (file:///opt/visual-studio-code/resources/app/out/vs/workbench/workbench.main.js:151:719)
    at n.Class.derive._oncancel._completed (file:///opt/visual-studio-code/resources/app/out/vs/workbench/workbench.main.js:151:160)
    at e.doRequest.n.TPromise.t.handlers.(anonymous function) (file:///opt/visual-studio-code/resources/app/out/vs/workbench/workbench.main.js:285:679)
    at e.onMessage (file:///opt/visual-studio-code/resources/app/out/vs/workbench/workbench.main.js:286:655)
    at file:///opt/visual-studio-code/resources/app/out/vs/workbench/workbench.main.js:285:10
    at e.fire (file:///opt/visual-studio-code/resources/app/out/vs/workbench/workbench.main.js:166:764)
    at Socket.<anonymous> (file:///opt/visual-studio-code/resources/app/out/vs/workbench/workbench.main.js:291:388)
    at emitOne (events.js:96:13)
    at Socket.emit (events.js:191:7)
    at readableAddChunk (_stream_readable.js:178:18)
    at Socket.Readable.push (_stream_readable.js:136:10)
    at Pipe.onread (net.js:560:20)
