[2018-04-23 21:01:23.759] [sharedprocess] [info] main {"machineId":"d25e35b5e08a80923f9ba1dfe7789d72f85e18da1ed42a376abb1f0af0621724"}
[2018-04-23 21:01:23.789] [sharedprocess] [info] Scanned user extensions: 0
[2018-04-23 21:01:23.827] [sharedprocess] [info] Scanned system extensions: 69
[2018-04-23 21:01:24.882] [sharedprocess] [info] Scanned user extensions: 0
[2018-04-23 21:01:24.884] [sharedprocess] [info] Scanned user extensions: 0
[2018-04-23 21:01:24.885] [sharedprocess] [info] Scanned user extensions: 0
[2018-04-23 21:01:24.933] [sharedprocess] [info] Scanned system extensions: 69
[2018-04-23 21:01:24.936] [sharedprocess] [info] Scanned system extensions: 69
[2018-04-23 21:01:27.933] [sharedprocess] [info] Scanned user extensions: 0
[2018-04-23 21:01:28.043] [sharedprocess] [info] Scanned user extensions: 0
[2018-04-23 21:01:28.084] [sharedprocess] [info] Scanned system extensions: 69
[2018-04-23 21:01:28.403] [sharedprocess] [info] Installing extension: sublime-keybindings
[2018-04-23 21:01:29.360] [sharedprocess] [info] Downloaded extension: sublime-keybindings
[2018-04-23 21:01:29.401] [sharedprocess] [info] Extracted extension to /home/sigurd/.vscode/extensions/.ms-vscode.sublime-keybindings-3.0.3: ms-vscode.sublime-keybindings-3.0.3
[2018-04-23 21:01:29.401] [sharedprocess] [info] Renamed to /home/sigurd/.vscode/extensions/ms-vscode.sublime-keybindings-3.0.3
[2018-04-23 21:01:29.401] [sharedprocess] [info] Installation completed. ms-vscode.sublime-keybindings-3.0.3
[2018-04-23 21:01:29.413] [sharedprocess] [info] Extensions installed successfully: ms-vscode.sublime-keybindings
[2018-04-23 21:01:29.533] [sharedprocess] [info] Scanned user extensions: 1
[2018-04-23 21:01:29.537] [sharedprocess] [info] Scanned user extensions: 1
[2018-04-23 21:01:29.588] [sharedprocess] [info] Scanned system extensions: 69
[2018-04-23 21:01:29.590] [sharedprocess] [info] Scanned system extensions: 69
[2018-04-23 21:01:44.147] [sharedprocess] [info] Scanned user extensions: 1
[2018-04-23 21:01:44.171] [sharedprocess] [info] Scanned system extensions: 69
[2018-04-23 21:01:44.368] [sharedprocess] [info] Installing extension: vscode-eslint
[2018-04-23 21:01:45.285] [sharedprocess] [info] Downloaded extension: vscode-eslint
[2018-04-23 21:01:45.476] [sharedprocess] [info] Extracted extension to /home/sigurd/.vscode/extensions/.dbaeumer.vscode-eslint-1.4.8: dbaeumer.vscode-eslint-1.4.8
[2018-04-23 21:01:45.476] [sharedprocess] [info] Renamed to /home/sigurd/.vscode/extensions/dbaeumer.vscode-eslint-1.4.8
[2018-04-23 21:01:45.476] [sharedprocess] [info] Installation completed. dbaeumer.vscode-eslint-1.4.8
[2018-04-23 21:01:45.489] [sharedprocess] [info] Extensions installed successfully: dbaeumer.vscode-eslint
[2018-04-23 21:01:45.605] [sharedprocess] [info] Scanned user extensions: 2
[2018-04-23 21:01:45.610] [sharedprocess] [info] Scanned user extensions: 2
[2018-04-23 21:01:45.661] [sharedprocess] [info] Scanned system extensions: 69
[2018-04-23 21:01:45.665] [sharedprocess] [info] Scanned system extensions: 69
[2018-04-23 21:01:46.434] [sharedprocess] [info] Scanned user extensions: 2
[2018-04-23 21:01:46.449] [sharedprocess] [info] Scanned system extensions: 69
[2018-04-23 21:01:46.644] [sharedprocess] [info] Installing extension: tslint
[2018-04-23 21:01:47.497] [sharedprocess] [info] Scanned user extensions: 2
[2018-04-23 21:01:47.530] [sharedprocess] [info] Scanned system extensions: 69
[2018-04-23 21:01:47.720] [sharedprocess] [info] Installing extension: python
[2018-04-23 21:01:47.985] [sharedprocess] [info] Downloaded extension: tslint
[2018-04-23 21:01:48.586] [sharedprocess] [info] Scanned user extensions: 2
[2018-04-23 21:01:48.613] [sharedprocess] [info] Scanned system extensions: 69
[2018-04-23 21:01:48.839] [sharedprocess] [info] Installing extension: php-pack
[2018-04-23 21:01:48.841] [sharedprocess] [info] Scanned user extensions: 2
[2018-04-23 21:01:48.885] [sharedprocess] [info] Scanned system extensions: 69
[2018-04-23 21:01:49.118] [sharedprocess] [info] Extracted extension to /home/sigurd/.vscode/extensions/.eg2.tslint-1.0.28: eg2.tslint-1.0.28
[2018-04-23 21:01:49.118] [sharedprocess] [info] Renamed to /home/sigurd/.vscode/extensions/eg2.tslint-1.0.28
[2018-04-23 21:01:49.118] [sharedprocess] [info] Installation completed. eg2.tslint-1.0.28
[2018-04-23 21:01:49.133] [sharedprocess] [info] Extensions installed successfully: eg2.tslint
[2018-04-23 21:01:49.251] [sharedprocess] [info] Scanned user extensions: 3
[2018-04-23 21:01:49.257] [sharedprocess] [info] Scanned user extensions: 3
[2018-04-23 21:01:49.274] [sharedprocess] [info] Installing extension: php-intellisense
[2018-04-23 21:01:49.274] [sharedprocess] [info] Installing extension: php-debug
[2018-04-23 21:01:49.297] [sharedprocess] [info] Scanned system extensions: 69
[2018-04-23 21:01:49.299] [sharedprocess] [info] Scanned system extensions: 69
[2018-04-23 21:01:49.367] [sharedprocess] [info] Scanned user extensions: 3
[2018-04-23 21:01:49.369] [sharedprocess] [info] Scanned user extensions: 3
[2018-04-23 21:01:49.370] [sharedprocess] [info] Scanned user extensions: 3
[2018-04-23 21:01:49.398] [sharedprocess] [info] Scanned system extensions: 69
[2018-04-23 21:01:49.400] [sharedprocess] [info] Scanned system extensions: 69
[2018-04-23 21:01:49.438] [sharedprocess] [info] Downloaded extension: python
[2018-04-23 21:01:50.089] [sharedprocess] [info] Downloaded extension: php-pack
[2018-04-23 21:01:50.098] [sharedprocess] [info] Extracted extension to /home/sigurd/.vscode/extensions/.felixfbecker.php-pack-1.0.1: felixfbecker.php-pack-1.0.1
[2018-04-23 21:01:50.098] [sharedprocess] [info] Renamed to /home/sigurd/.vscode/extensions/felixfbecker.php-pack-1.0.1
[2018-04-23 21:01:50.098] [sharedprocess] [info] Installation completed. felixfbecker.php-pack-1.0.1
[2018-04-23 21:01:50.188] [sharedprocess] [info] Downloaded extension: php-debug
[2018-04-23 21:01:50.542] [sharedprocess] [info] Downloaded extension: php-intellisense
[2018-04-23 21:01:50.747] [sharedprocess] [info] Extracted extension to /home/sigurd/.vscode/extensions/.felixfbecker.php-debug-1.12.3: felixfbecker.php-debug-1.12.3
[2018-04-23 21:01:50.747] [sharedprocess] [info] Renamed to /home/sigurd/.vscode/extensions/felixfbecker.php-debug-1.12.3
[2018-04-23 21:01:50.747] [sharedprocess] [info] Installation completed. felixfbecker.php-debug-1.12.3
[2018-04-23 21:01:52.306] [sharedprocess] [info] Extracted extension to /home/sigurd/.vscode/extensions/.felixfbecker.php-intellisense-2.3.1: felixfbecker.php-intellisense-2.3.1
[2018-04-23 21:01:52.306] [sharedprocess] [info] Renamed to /home/sigurd/.vscode/extensions/felixfbecker.php-intellisense-2.3.1
[2018-04-23 21:01:52.306] [sharedprocess] [info] Installation completed. felixfbecker.php-intellisense-2.3.1
[2018-04-23 21:01:52.323] [sharedprocess] [info] Extensions installed successfully: felixfbecker.php-pack
[2018-04-23 21:01:52.324] [sharedprocess] [info] Extensions installed successfully: felixfbecker.php-intellisense
[2018-04-23 21:01:52.324] [sharedprocess] [info] Extensions installed successfully: felixfbecker.php-debug
[2018-04-23 21:01:52.518] [sharedprocess] [info] Scanned user extensions: 6
[2018-04-23 21:01:52.521] [sharedprocess] [info] Scanned user extensions: 6
[2018-04-23 21:01:52.522] [sharedprocess] [info] Scanned user extensions: 6
[2018-04-23 21:01:52.531] [sharedprocess] [info] Scanned user extensions: 6
[2018-04-23 21:01:52.579] [sharedprocess] [info] Scanned system extensions: 69
[2018-04-23 21:01:52.582] [sharedprocess] [info] Scanned system extensions: 69
[2018-04-23 21:01:52.584] [sharedprocess] [info] Scanned system extensions: 69
[2018-04-23 21:01:52.586] [sharedprocess] [info] Scanned system extensions: 69
[2018-04-23 21:01:52.796] [sharedprocess] [info] Extracted extension to /home/sigurd/.vscode/extensions/.ms-python.python-2018.3.1: ms-python.python-2018.3.1
[2018-04-23 21:01:52.796] [sharedprocess] [info] Renamed to /home/sigurd/.vscode/extensions/ms-python.python-2018.3.1
[2018-04-23 21:01:52.796] [sharedprocess] [info] Installation completed. ms-python.python-2018.3.1
[2018-04-23 21:01:52.810] [sharedprocess] [info] Extensions installed successfully: ms-python.python
[2018-04-23 21:01:52.959] [sharedprocess] [info] Scanned user extensions: 7
[2018-04-23 21:01:52.968] [sharedprocess] [info] Scanned user extensions: 7
[2018-04-23 21:01:52.999] [sharedprocess] [info] Scanned system extensions: 69
[2018-04-23 21:01:53.002] [sharedprocess] [info] Scanned system extensions: 69
[2018-04-23 21:01:57.438] [sharedprocess] [info] Installing extension: cpptools
[2018-04-23 21:01:57.800] [sharedprocess] [info] Downloaded extension: cpptools
[2018-04-23 21:01:58.122] [sharedprocess] [info] Extracted extension to /home/sigurd/.vscode/extensions/.ms-vscode.cpptools-0.16.1: ms-vscode.cpptools-0.16.1
[2018-04-23 21:01:58.122] [sharedprocess] [info] Renamed to /home/sigurd/.vscode/extensions/ms-vscode.cpptools-0.16.1
[2018-04-23 21:01:58.122] [sharedprocess] [info] Installation completed. ms-vscode.cpptools-0.16.1
[2018-04-23 21:01:58.136] [sharedprocess] [info] Extensions installed successfully: ms-vscode.cpptools
[2018-04-23 21:01:58.275] [sharedprocess] [info] Scanned user extensions: 8
[2018-04-23 21:01:58.311] [sharedprocess] [info] Scanned system extensions: 69
[2018-04-23 21:02:03.765] [sharedprocess] [info] Starting to clean up unused language packs.
[2018-04-23 21:02:08.046] [sharedprocess] [info] Installing extension: vscode-icons
[2018-04-23 21:02:08.970] [sharedprocess] [info] Downloaded extension: vscode-icons
[2018-04-23 21:02:10.118] [sharedprocess] [info] Extracted extension to /home/sigurd/.vscode/extensions/.robertohuertasm.vscode-icons-7.22.0: robertohuertasm.vscode-icons-7.22.0
[2018-04-23 21:02:10.118] [sharedprocess] [info] Renamed to /home/sigurd/.vscode/extensions/robertohuertasm.vscode-icons-7.22.0
[2018-04-23 21:02:10.118] [sharedprocess] [info] Installation completed. robertohuertasm.vscode-icons-7.22.0
[2018-04-23 21:02:10.136] [sharedprocess] [info] Extensions installed successfully: robertohuertasm.vscode-icons
[2018-04-23 21:02:10.268] [sharedprocess] [info] Scanned user extensions: 9
[2018-04-23 21:02:10.291] [sharedprocess] [info] Scanned system extensions: 69
[2018-04-23 21:02:17.779] [sharedprocess] [info] Installing extension: Material-theme
[2018-04-23 21:02:18.644] [sharedprocess] [info] Downloaded extension: Material-theme
[2018-04-23 21:02:18.672] [sharedprocess] [info] Extracted extension to /home/sigurd/.vscode/extensions/.zhuangtongfa.material-theme-2.13.4: zhuangtongfa.material-theme-2.13.4
[2018-04-23 21:02:18.672] [sharedprocess] [info] Renamed to /home/sigurd/.vscode/extensions/zhuangtongfa.material-theme-2.13.4
[2018-04-23 21:02:18.672] [sharedprocess] [info] Installation completed. zhuangtongfa.material-theme-2.13.4
[2018-04-23 21:02:18.682] [sharedprocess] [info] Extensions installed successfully: zhuangtongfa.material-theme
[2018-04-23 21:02:18.827] [sharedprocess] [info] Scanned user extensions: 10
[2018-04-23 21:02:18.855] [sharedprocess] [info] Scanned system extensions: 69
[2018-04-23 21:03:08.267] [sharedprocess] [info] Scanned user extensions: 10
[2018-04-23 21:03:08.280] [sharedprocess] [info] Scanned user extensions: 10
[2018-04-23 21:03:08.323] [sharedprocess] [info] Scanned system extensions: 69
[2018-04-23 21:03:08.329] [sharedprocess] [info] Scanned system extensions: 69
[2018-04-23 21:06:27.956] [sharedprocess] [info] Scanned user extensions: 10
[2018-04-23 21:11:27.973] [sharedprocess] [info] Scanned user extensions: 10
[2018-04-23 21:16:27.990] [sharedprocess] [info] Scanned user extensions: 10
[2018-04-23 21:21:28.007] [sharedprocess] [info] Scanned user extensions: 10
[2018-04-23 21:26:28.026] [sharedprocess] [info] Scanned user extensions: 10
[2018-04-24 08:08:43.600] [sharedprocess] [info] Scanned user extensions: 10
